<?xml version="1.0" encoding="UTF-8"?>
<!-- Generated by org.testng.reporters.JUnitReportReporter -->
<testsuite hostname="Evelnas-MacBook-Pro.local" failures="0" tests="1" name="pom.tests.TradeTest" time="16.918" errors="0" timestamp="4 Dec 2021 15:53:29 GMT">
  <testcase classname="pom.tests.TradeTest" name="capitalMarketTest" time="16.918"/>
</testsuite> <!-- pom.tests.TradeTest -->
